
// ==========================================================================
//  GPLEX error listing for lex source file <SimpleLex.lex>
// ==========================================================================
//  Version:  1.2.0
//  Machine:  STA200B1-203-19
//  DateTime: 01.10.2018 12:56:12
//  UserName: tatarova
// ==========================================================================


%using ScannerHelper;
%namespace SimpleScanner

Alpha 	[a-zA-Z_]
Digit   [0-9] 
AlphaDigit {Alpha}|{Digit}
INTNUM  {Digit}+
REALNUM {INTNUM}\.{INTNUM}
ID {Alpha}{AlphaDigit}*
DotChr [^\r\n]
OneLineCmnt \/\/{DotChr}*

// Çäåñü ìîæíî äåëàòü îïèñàíèÿ òèïîâ, ïåðåìåííûõ è ìåòîäîâ - îíè ïîïàäàþò â êëàññ Scanner
%{
  public int LexValueInt;
  public double LexValueDouble;
%}

%%
{INTNUM} { 
  LexValueInt = int.Parse(yytext);
  return (int)Tok.INUM;
}

{REALNUM} { 
  LexValueDouble = double.Parse(yytext);
  return (int)Tok.RNUM;
}

begin { 
  return (int)Tok.BEGIN;
}

end { 
  return (int)Tok.END;
}

cycle { 
  return (int)Tok.CYCLE;
}

{ID}  { 
  return (int)Tok.ID;
}

":" { 
  return (int)Tok.COLON;
}

":=" { 
  return (int)Tok.ASSIGN;
}

";" { 
  return (int)Tok.SEMICOLON;
}

{OneLineCmnt}{
//-----------^
// Error: Expected space here
// Error: Expected space here
// --------------------------
	return (int)Tok.STRCOMMENT;
}
// Error: Expected space here
// --------------------------

// Error: Empty semantic action, must be at least a comment
// --------------------------------------------------------
[^ \r\n] {
	LexError();
	return 0; // êîíåö ðàçáîðà
}



%%

// Çäåñü ìîæíî äåëàòü îïèñàíèÿ ïåðåìåííûõ è ìåòîäîâ - îíè òîæå ïîïàäàþò â êëàññ Scanner

public void LexError()
{
	Console.WriteLine("({0},{1}): Íåèçâåñòíûé ñèìâîë {2}", yyline, yycol, yytext);
}

public string TokToString(Tok tok)
{
	switch (tok)
	{
		case Tok.ID:
			return tok + " " + yytext;
		case Tok.INUM:
			return tok + " " + LexValueInt;
		case Tok.RNUM:
			return tok + " " + LexValueDouble;
		default:
			return tok + "";
	}
}

// ==========================================================================

